2021-06-19 16:01:25 [service/init.go:77] [INFO] -> ### iot core init success ###
2021-06-19 16:02:27 [service/init.go:77] [INFO] -> ### iot core init success ###
2021-06-19 16:03:48 [service/init.go:77] [INFO] -> ### iot core init success ###
2021-06-19 16:09:54 [service/init.go:77] [INFO] -> ### iot core init success ###
2021-06-19 16:12:39 [service/init.go:77] [INFO] -> ### iot core init success ###
2021-06-19 16:12:55 [service/init.go:77] [INFO] -> ### iot core init success ###
2021-06-19 16:15:16 [service/init.go:77] [INFO] -> ### iot core init success ###
2021-06-19 16:18:07 [service/init.go:77] [INFO] -> ### iot core init success ###
2021-06-19 16:24:43 [service/init.go:77] [INFO] -> ### iot core init success ###
2021-06-19 16:35:35 [service/init.go:77] [INFO] -> ### iot core init success ###
2021-06-19 16:37:12 [service/init.go:77] [INFO] -> ### iot core init success ###
2021-06-19 17:05:58 [service/init.go:77] [INFO] -> ### iot core init success ###
2021-06-19 17:11:34 [service/init.go:77] [INFO] -> ### iot core init success ###
2021-06-21 16:05:26 [service/init.go:55] [INFO] -> ### iot core init success ###
2021-06-21 16:09:32 [service/init.go:55] [INFO] -> ### iot core init success ###
2021-06-21 17:04:21 [service/init.go:55] [INFO] -> ### iot core init success ###
2021-06-21 17:25:47 [token/api.go:35] [INFO] -> [ProxyHttp] success req:&{GET https://openapi.tuyacn.com/v1.0/token?grant_type=1  0 0 map[Client_id:[cjshh8yqaoe7wdlsbl7q] Content-Type:[application/json] Sign:[5E4B4EFDBBDF2289DA4F0281DE4654B09F50B8A1AF5ABA41629FC1D88D22B0BE] Sign_method:[HMAC-SHA256] T:[1624267547207]] <nil> <nil> 0 [] false  map[] map[] <nil> map[]   <nil> <nil> <nil> <nil>}, resp:&{Success:true Code:0 Msg: T:1624267547715 Result:{ExpireTime:7200 UID:bay16148289655118FbN AccessToken:cba1174aaa19f5ef82ca0d51621aa507 RefreshToken:6c56c3b051c5db56c0aee452c226747a}}
2021-06-21 17:25:47 [driver/client.go:45] [INFO] -> [ProxyHttp] success req:&{GET https://openapi.tuyacn.com/v1.0/iot-03/devices/06870016bcddc237998d/status  0 0 map[Access_token:[cba1174aaa19f5ef82ca0d51621aa507] Client_id:[cjshh8yqaoe7wdlsbl7q] Content-Type:[application/json] Sign:[3187C8B4E9711903688D0807994D2BF6329141FCF91713456F9565AE89A0E5E7] Sign_method:[HMAC-SHA256] T:[1624267547534]] <nil> <nil> 0 [] false  map[] map[] <nil> map[]   <nil> <nil> <nil> <nil>}, resp:&{Result:[{Code:switch_1 Value:false} {Code:countdown_1 Value:0} {Code:add_ele Value:2} {Code:cur_current Value:0} {Code:cur_power Value:0} {Code:cur_voltage Value:2365}]}
2021-06-21 17:26:22 [driver/client.go:45] [INFO] -> [ProxyHttp] success req:&{GET https://openapi.tuyacn.com/v1.0/iot-03/devices/06870016bcddc237998d/status  0 0 map[Access_token:[cba1174aaa19f5ef82ca0d51621aa507] Client_id:[cjshh8yqaoe7wdlsbl7q] Content-Type:[application/json] Sign:[1A5820A4F449C100686235825E14CAD0ACD9564EE45D67F0AE63EC209EBECC3F] Sign_method:[HMAC-SHA256] T:[1624267581916]] <nil> <nil> 0 [] false  map[] map[] <nil> map[]   <nil> <nil> <nil> <nil>}, resp:&{Result:[{Code:switch_1 Value:true} {Code:countdown_1 Value:0} {Code:add_ele Value:2} {Code:cur_current Value:0} {Code:cur_power Value:0} {Code:cur_voltage Value:2365}]}
2021-06-21 17:28:19 [driver/client.go:45] [INFO] -> [ProxyHttp] success req:&{GET https://openapi.tuyacn.com/v1.0/iot-03/devices/06870016bcddc237998d/status  0 0 map[Access_token:[cba1174aaa19f5ef82ca0d51621aa507] Client_id:[cjshh8yqaoe7wdlsbl7q] Content-Type:[application/json] Sign:[16538DD28A3AFB8808E1CFAD60639F7DEFBA0EA58434BCC517C5D443279CE6A5] Sign_method:[HMAC-SHA256] T:[1624267698884]] <nil> <nil> 0 [] false  map[] map[] <nil> map[]   <nil> <nil> <nil> <nil>}, resp:&{Result:[{Code:switch_1 Value:true} {Code:countdown_1 Value:0} {Code:add_ele Value:2} {Code:cur_current Value:0} {Code:cur_power Value:0} {Code:cur_voltage Value:2365}]}
2021-06-21 17:33:47 [driver/client.go:70] [INFO] -> [ProxyHttp] success req:&{POST https://openapi.tuyacn.com/v1.0/iot-03/devices/06870016bcddc237998d/commands  0 0 map[Access_token:[cba1174aaa19f5ef82ca0d51621aa507] Client_id:[cjshh8yqaoe7wdlsbl7q] Content-Type:[application/json] Sign:[E72C878E5D6DE405A27E98696226091C43D36682E82E4EF3204F2794BCCFD19B] Sign_method:[HMAC-SHA256] T:[1624268027298]] {0xc0004168a0} <nil> 0 [] false  map[] map[] <nil> map[]   <nil> <nil> <nil> <nil>}, resp:&{Result:true}
2021-06-21 17:33:54 [driver/client.go:70] [INFO] -> [ProxyHttp] success req:&{POST https://openapi.tuyacn.com/v1.0/iot-03/devices/06870016bcddc237998d/commands  0 0 map[Access_token:[cba1174aaa19f5ef82ca0d51621aa507] Client_id:[cjshh8yqaoe7wdlsbl7q] Content-Type:[application/json] Sign:[1D6065584886101F906FB166998F5D75C359A43CDE69AF5426E54E3A2D181477] Sign_method:[HMAC-SHA256] T:[1624268034583]] {0xc0004172f0} <nil> 0 [] false  map[] map[] <nil> map[]   <nil> <nil> <nil> <nil>}, resp:&{Result:true}
2021-06-21 17:40:03 [service/init.go:55] [INFO] -> ### iot core init success ###
2021-06-21 17:40:24 [token/api.go:35] [INFO] -> [ProxyHttp] success req:&{GET https://openapi.tuyacn.com/v1.0/token?grant_type=1  0 0 map[Client_id:[cjshh8yqaoe7wdlsbl7q] Content-Type:[application/json] Sign:[FA3B80D726636FB75CE13F30E4BC33BDD8A8B2D945784BD792A2899389857BA2] Sign_method:[HMAC-SHA256] T:[1624268424232]] <nil> <nil> 0 [] false  map[] map[] <nil> map[]   <nil> <nil> <nil> <nil>}, resp:&{Success:true Code:0 Msg: T:1624268424798 Result:{ExpireTime:6323 UID:bay16148289655118FbN AccessToken:cba1174aaa19f5ef82ca0d51621aa507 RefreshToken:6c56c3b051c5db56c0aee452c226747a}}
2021-06-21 17:40:24 [driver/client.go:45] [INFO] -> [ProxyHttp] success req:&{GET https://openapi.tuyacn.com/v1.0/iot-03/devices/06870016bcddc237998d/status  0 0 map[Access_token:[cba1174aaa19f5ef82ca0d51621aa507] Client_id:[cjshh8yqaoe7wdlsbl7q] Content-Type:[application/json] Sign:[03692FAE429BF8B458169DA482FD3D9C5330E147C82EBF593934E5BAE010FB32] Sign_method:[HMAC-SHA256] T:[1624268424588]] <nil> <nil> 0 [] false  map[] map[] <nil> map[]   <nil> <nil> <nil> <nil>}, resp:&{Result:[{Code:switch_1 Value:true} {Code:countdown_1 Value:0} {Code:add_ele Value:2} {Code:cur_current Value:0} {Code:cur_power Value:0} {Code:cur_voltage Value:2365}]}
2021-06-21 17:42:41 [driver/client.go:70] [INFO] -> [ProxyHttp] success req:&{POST https://openapi.tuyacn.com/v1.0/iot-03/devices/06870016bcddc237998d/commands  0 0 map[Access_token:[cba1174aaa19f5ef82ca0d51621aa507] Client_id:[cjshh8yqaoe7wdlsbl7q] Content-Type:[application/json] Sign:[CE347AA74FF810803822EEF2C131A5902E97311A14DB9761399224D17A20C7AA] Sign_method:[HMAC-SHA256] T:[1624268560714]] {0xc0006aa450} <nil> 0 [] false  map[] map[] <nil> map[]   <nil> <nil> <nil> <nil>}, resp:&{Result:true}
2021-06-21 17:42:48 [driver/client.go:70] [INFO] -> [ProxyHttp] success req:&{POST https://openapi.tuyacn.com/v1.0/iot-03/devices/06870016bcddc237998d/commands  0 0 map[Access_token:[cba1174aaa19f5ef82ca0d51621aa507] Client_id:[cjshh8yqaoe7wdlsbl7q] Content-Type:[application/json] Sign:[BBC32621989B82EF6D18B31183841E1B6EFEB3CF04D15DBFA7C6E39DC3DC66F2] Sign_method:[HMAC-SHA256] T:[1624268568058]] {0xc0006aaf30} <nil> 0 [] false  map[] map[] <nil> map[]   <nil> <nil> <nil> <nil>}, resp:&{Result:true}
2021-06-21 17:43:05 [driver/client.go:45] [INFO] -> [ProxyHttp] success req:&{GET https://openapi.tuyacn.com/v1.0/iot-03/devices/06870016bcddc237998d/status  0 0 map[Access_token:[cba1174aaa19f5ef82ca0d51621aa507] Client_id:[cjshh8yqaoe7wdlsbl7q] Content-Type:[application/json] Sign:[40819995B3E07EA02F9715406342B97EEB7CFBC93A9B124E829A9CA3369EF776] Sign_method:[HMAC-SHA256] T:[1624268585781]] <nil> <nil> 0 [] false  map[] map[] <nil> map[]   <nil> <nil> <nil> <nil>}, resp:&{Result:[{Code:switch_1 Value:false} {Code:countdown_1 Value:0} {Code:add_ele Value:2} {Code:cur_current Value:0} {Code:cur_power Value:0} {Code:cur_voltage Value:2365}]}
